Drill report for /home/dpatel1/Documents/Rocketry/Olin-Rocketry/power/power/power.kicad_pcb
Created on Sat 16 Jan 2021 05:14:03 AM CST

Copper Layer Stackup:
    =============================================================
    L1 :  F.Cu                      front
    L2 :  B.Cu                      back


Drill file 'power.drl' contains
    plated through holes:
    =============================================================
    T1  0.30mm  0.012"  (5 holes)
    T2  0.40mm  0.016"  (24 holes)
    T3  0.75mm  0.030"  (18 holes)
    T4  0.80mm  0.031"  (8 holes)
    T5  1.00mm  0.039"  (5 holes)  (with 2 slots)
    T6  1.02mm  0.040"  (6 holes)
    T7  1.27mm  0.050"  (2 holes)
    T8  1.30mm  0.051"  (6 holes)

    Total plated holes count 74


Not plated through holes are merged with plated holes
    unplated through holes:
    =============================================================

    Total unplated holes count 0
