Drill report for /home/dpatel1/Documents/Rocketry/Olin-Rocketry/power/power/power.kicad_pcb
Created on Tue 05 Jan 2021 01:43:15 PM CST

Copper Layer Stackup:
    =============================================================
    L1 :  F.Cu                      front
    L2 :  B.Cu                      back


Drill file 'power.drl' contains
    plated through holes:
    =============================================================
    T1  0.30mm  0.012"  (5 holes)
    T2  0.40mm  0.016"  (28 holes)
    T3  0.50mm  0.020"  (26 holes)
    T4  0.75mm  0.030"  (18 holes)
    T5  1.00mm  0.039"  (2 holes)  (with 2 slots)
    T6  1.02mm  0.040"  (6 holes)

    Total plated holes count 85


Not plated through holes are merged with plated holes
    unplated through holes:
    =============================================================

    Total unplated holes count 0
